{"C:\\Users\\Esau Ocrospoma\\Desktop\\md-links\\LIM013-fe-md-links\\cli\\cli-opciones.js": {"path":"C:\\Users\\Esau Ocrospoma\\Desktop\\md-links\\LIM013-fe-md-links\\cli\\cli-opciones.js","statementMap":{"0":{"start":{"line":4,"column":29},"end":{"line":15,"column":3}},"1":{"start":{"line":5,"column":16},"end":{"line":5,"column":18}},"2":{"start":{"line":6,"column":14},"end":{"line":6,"column":15}},"3":{"start":{"line":7,"column":1},"end":{"line":7,"column":100}},"4":{"start":{"line":7,"column":25},"end":{"line":7,"column":50}},"5":{"start":{"line":7,"column":51},"end":{"line":7,"column":97}},"6":{"start":{"line":8,"column":21},"end":{"line":8,"column":87}},"7":{"start":{"line":8,"column":54},"end":{"line":8,"column":86}},"8":{"start":{"line":9,"column":15},"end":{"line":13,"column":6}},"9":{"start":{"line":14,"column":1},"end":{"line":14,"column":19}},"10":{"start":{"line":17,"column":24},"end":{"line":27,"column":3}},"11":{"start":{"line":18,"column":12},"end":{"line":18,"column":14}},"12":{"start":{"line":19,"column":1},"end":{"line":25,"column":4}},"13":{"start":{"line":23,"column":1},"end":{"line":24,"column":238}},"14":{"start":{"line":26,"column":1},"end":{"line":26,"column":18}},"15":{"start":{"line":29,"column":21},"end":{"line":38,"column":3}},"16":{"start":{"line":30,"column":13},"end":{"line":30,"column":15}},"17":{"start":{"line":31,"column":1},"end":{"line":31,"column":45}},"18":{"start":{"line":31,"column":23},"end":{"line":31,"column":44}},"19":{"start":{"line":32,"column":21},"end":{"line":32,"column":81}},"20":{"start":{"line":32,"column":51},"end":{"line":32,"column":80}},"21":{"start":{"line":33,"column":15},"end":{"line":36,"column":6}},"22":{"start":{"line":37,"column":1},"end":{"line":37,"column":19}},"23":{"start":{"line":40,"column":25},"end":{"line":46,"column":3}},"24":{"start":{"line":41,"column":12},"end":{"line":41,"column":14}},"25":{"start":{"line":42,"column":1},"end":{"line":44,"column":3}},"26":{"start":{"line":43,"column":2},"end":{"line":43,"column":106}},"27":{"start":{"line":45,"column":1},"end":{"line":45,"column":18}}},"fnMap":{"0":{"name":"(anonymous_0)","decl":{"start":{"line":4,"column":29},"end":{"line":4,"column":30}},"loc":{"start":{"line":4,"column":38},"end":{"line":15,"column":3}},"line":4},"1":{"name":"(anonymous_1)","decl":{"start":{"line":7,"column":13},"end":{"line":7,"column":14}},"loc":{"start":{"line":7,"column":23},"end":{"line":7,"column":99}},"line":7},"2":{"name":"(anonymous_2)","decl":{"start":{"line":8,"column":37},"end":{"line":8,"column":38}},"loc":{"start":{"line":8,"column":54},"end":{"line":8,"column":86}},"line":8},"3":{"name":"(anonymous_3)","decl":{"start":{"line":17,"column":24},"end":{"line":17,"column":25}},"loc":{"start":{"line":17,"column":33},"end":{"line":27,"column":3}},"line":17},"4":{"name":"(anonymous_4)","decl":{"start":{"line":19,"column":13},"end":{"line":19,"column":14}},"loc":{"start":{"line":19,"column":22},"end":{"line":25,"column":3}},"line":19},"5":{"name":"(anonymous_5)","decl":{"start":{"line":29,"column":21},"end":{"line":29,"column":22}},"loc":{"start":{"line":29,"column":30},"end":{"line":38,"column":3}},"line":29},"6":{"name":"(anonymous_6)","decl":{"start":{"line":31,"column":13},"end":{"line":31,"column":14}},"loc":{"start":{"line":31,"column":23},"end":{"line":31,"column":44}},"line":31},"7":{"name":"(anonymous_7)","decl":{"start":{"line":32,"column":34},"end":{"line":32,"column":35}},"loc":{"start":{"line":32,"column":51},"end":{"line":32,"column":80}},"line":32},"8":{"name":"(anonymous_8)","decl":{"start":{"line":40,"column":25},"end":{"line":40,"column":26}},"loc":{"start":{"line":40,"column":34},"end":{"line":46,"column":3}},"line":40},"9":{"name":"(anonymous_9)","decl":{"start":{"line":42,"column":13},"end":{"line":42,"column":14}},"loc":{"start":{"line":42,"column":22},"end":{"line":44,"column":2}},"line":42}},"branchMap":{"0":{"loc":{"start":{"line":7,"column":51},"end":{"line":7,"column":97}},"type":"cond-expr","locations":[{"start":{"line":7,"column":72},"end":{"line":7,"column":83}},{"start":{"line":7,"column":86},"end":{"line":7,"column":97}}],"line":7},"1":{"loc":{"start":{"line":24,"column":37},"end":{"line":24,"column":125}},"type":"cond-expr","locations":[{"start":{"line":24,"column":56},"end":{"line":24,"column":99}},{"start":{"line":24,"column":102},"end":{"line":24,"column":125}}],"line":24},"2":{"loc":{"start":{"line":24,"column":129},"end":{"line":24,"column":211}},"type":"cond-expr","locations":[{"start":{"line":24,"column":155},"end":{"line":24,"column":183}},{"start":{"line":24,"column":186},"end":{"line":24,"column":211}}],"line":24}},"s":{"0":1,"1":0,"2":0,"3":0,"4":0,"5":0,"6":0,"7":0,"8":0,"9":0,"10":1,"11":0,"12":0,"13":0,"14":0,"15":1,"16":1,"17":1,"18":3,"19":1,"20":3,"21":1,"22":1,"23":1,"24":0,"25":0,"26":0,"27":0},"f":{"0":0,"1":0,"2":0,"3":0,"4":0,"5":1,"6":3,"7":3,"8":0,"9":0},"b":{"0":[0,0],"1":[0,0],"2":[0,0]},"_coverageSchema":"1a1c01bbd47fc00a2c39e90264f33305004495a9","hash":"e223814fb92f88cf5f20e97d729f87b25e0b732c"}
,"C:\\Users\\Esau Ocrospoma\\Desktop\\md-links\\LIM013-fe-md-links\\lib\\index.js": {"path":"C:\\Users\\Esau Ocrospoma\\Desktop\\md-links\\LIM013-fe-md-links\\lib\\index.js","statementMap":{"0":{"start":{"line":3,"column":18},"end":{"line":3,"column":23}},"1":{"start":{"line":9,"column":22},"end":{"line":9,"column":59}},"2":{"start":{"line":9,"column":36},"end":{"line":9,"column":58}},"3":{"start":{"line":12,"column":35},"end":{"line":12,"column":110}},"4":{"start":{"line":12,"column":49},"end":{"line":12,"column":110}},"5":{"start":{"line":15,"column":35},"end":{"line":38,"column":1}},"6":{"start":{"line":16,"column":29},"end":{"line":16,"column":52}},"7":{"start":{"line":17,"column":19},"end":{"line":17,"column":47}},"8":{"start":{"line":19,"column":24},"end":{"line":19,"column":26}},"9":{"start":{"line":20,"column":1},"end":{"line":36,"column":2}},"10":{"start":{"line":21,"column":2},"end":{"line":21,"column":36}},"11":{"start":{"line":24,"column":25},"end":{"line":24,"column":51}},"12":{"start":{"line":28,"column":22},"end":{"line":31,"column":4}},"13":{"start":{"line":29,"column":17},"end":{"line":29,"column":56}},"14":{"start":{"line":30,"column":3},"end":{"line":30,"column":16}},"15":{"start":{"line":32,"column":2},"end":{"line":35,"column":4}},"16":{"start":{"line":33,"column":26},"end":{"line":33,"column":51}},"17":{"start":{"line":34,"column":3},"end":{"line":34,"column":62}},"18":{"start":{"line":37,"column":1},"end":{"line":37,"column":25}},"19":{"start":{"line":41,"column":26},"end":{"line":55,"column":3}},"20":{"start":{"line":41,"column":40},"end":{"line":55,"column":3}},"21":{"start":{"line":42,"column":23},"end":{"line":42,"column":25}},"22":{"start":{"line":43,"column":1},"end":{"line":47,"column":3}},"23":{"start":{"line":44,"column":24},"end":{"line":44,"column":45}},"24":{"start":{"line":45,"column":2},"end":{"line":45,"column":61}},"25":{"start":{"line":45,"column":31},"end":{"line":45,"column":61}},"26":{"start":{"line":49,"column":1},"end":{"line":53,"column":2}},"27":{"start":{"line":50,"column":2},"end":{"line":50,"column":27}},"28":{"start":{"line":52,"column":1},"end":{"line":52,"column":81}},"29":{"start":{"line":58,"column":25},"end":{"line":77,"column":1}},"30":{"start":{"line":59,"column":20},"end":{"line":59,"column":22}},"31":{"start":{"line":60,"column":1},"end":{"line":75,"column":3}},"32":{"start":{"line":62,"column":22},"end":{"line":62,"column":59}},"33":{"start":{"line":66,"column":24},"end":{"line":66,"column":54}},"34":{"start":{"line":67,"column":29},"end":{"line":67,"column":80}},"35":{"start":{"line":68,"column":2},"end":{"line":74,"column":5}},"36":{"start":{"line":69,"column":3},"end":{"line":73,"column":5}},"37":{"start":{"line":76,"column":1},"end":{"line":76,"column":19}}},"fnMap":{"0":{"name":"(anonymous_0)","decl":{"start":{"line":9,"column":22},"end":{"line":9,"column":23}},"loc":{"start":{"line":9,"column":36},"end":{"line":9,"column":58}},"line":9},"1":{"name":"(anonymous_1)","decl":{"start":{"line":12,"column":35},"end":{"line":12,"column":36}},"loc":{"start":{"line":12,"column":49},"end":{"line":12,"column":110}},"line":12},"2":{"name":"(anonymous_2)","decl":{"start":{"line":15,"column":35},"end":{"line":15,"column":36}},"loc":{"start":{"line":15,"column":51},"end":{"line":38,"column":1}},"line":15},"3":{"name":"(anonymous_3)","decl":{"start":{"line":28,"column":41},"end":{"line":28,"column":42}},"loc":{"start":{"line":28,"column":63},"end":{"line":31,"column":3}},"line":28},"4":{"name":"(anonymous_4)","decl":{"start":{"line":32,"column":22},"end":{"line":32,"column":23}},"loc":{"start":{"line":32,"column":32},"end":{"line":35,"column":3}},"line":32},"5":{"name":"(anonymous_5)","decl":{"start":{"line":41,"column":26},"end":{"line":41,"column":27}},"loc":{"start":{"line":41,"column":40},"end":{"line":55,"column":3}},"line":41},"6":{"name":"(anonymous_6)","decl":{"start":{"line":41,"column":52},"end":{"line":41,"column":53}},"loc":{"start":{"line":41,"column":73},"end":{"line":55,"column":2}},"line":41},"7":{"name":"(anonymous_7)","decl":{"start":{"line":43,"column":18},"end":{"line":43,"column":19}},"loc":{"start":{"line":43,"column":31},"end":{"line":47,"column":2}},"line":43},"8":{"name":"(anonymous_8)","decl":{"start":{"line":58,"column":25},"end":{"line":58,"column":26}},"loc":{"start":{"line":58,"column":40},"end":{"line":77,"column":1}},"line":58},"9":{"name":"(anonymous_9)","decl":{"start":{"line":60,"column":19},"end":{"line":60,"column":20}},"loc":{"start":{"line":60,"column":37},"end":{"line":75,"column":2}},"line":60},"10":{"name":"(anonymous_10)","decl":{"start":{"line":68,"column":29},"end":{"line":68,"column":30}},"loc":{"start":{"line":68,"column":39},"end":{"line":74,"column":3}},"line":68}},"branchMap":{"0":{"loc":{"start":{"line":12,"column":49},"end":{"line":12,"column":110}},"type":"cond-expr","locations":[{"start":{"line":12,"column":77},"end":{"line":12,"column":85}},{"start":{"line":12,"column":88},"end":{"line":12,"column":110}}],"line":12},"1":{"loc":{"start":{"line":20,"column":1},"end":{"line":36,"column":2}},"type":"if","locations":[{"start":{"line":20,"column":1},"end":{"line":36,"column":2}},{"start":{"line":20,"column":1},"end":{"line":36,"column":2}}],"line":20},"2":{"loc":{"start":{"line":45,"column":2},"end":{"line":45,"column":61}},"type":"if","locations":[{"start":{"line":45,"column":2},"end":{"line":45,"column":61}},{"start":{"line":45,"column":2},"end":{"line":45,"column":61}}],"line":45},"3":{"loc":{"start":{"line":49,"column":1},"end":{"line":53,"column":2}},"type":"if","locations":[{"start":{"line":49,"column":1},"end":{"line":53,"column":2}},{"start":{"line":49,"column":1},"end":{"line":53,"column":2}}],"line":49}},"s":{"0":2,"1":2,"2":5,"3":2,"4":3,"5":2,"6":6,"7":6,"8":6,"9":6,"10":4,"11":2,"12":2,"13":4,"14":4,"15":2,"16":4,"17":4,"18":6,"19":2,"20":3,"21":3,"22":3,"23":5,"24":5,"25":3,"26":3,"27":2,"28":1,"29":2,"30":2,"31":2,"32":3,"33":3,"34":3,"35":3,"36":4,"37":2},"f":{"0":5,"1":3,"2":6,"3":4,"4":4,"5":3,"6":3,"7":5,"8":2,"9":3,"10":4},"b":{"0":[3,0],"1":[4,2],"2":[3,2],"3":[2,1]},"_coverageSchema":"1a1c01bbd47fc00a2c39e90264f33305004495a9","hash":"34f1a4645aa0b57b06807f51b23ccf7343f62dbb"}
,"C:\\Users\\Esau Ocrospoma\\Desktop\\md-links\\LIM013-fe-md-links\\lib\\librari.js": {"path":"C:\\Users\\Esau Ocrospoma\\Desktop\\md-links\\LIM013-fe-md-links\\lib\\librari.js","statementMap":{"0":{"start":{"line":5,"column":23},"end":{"line":23,"column":1}},"1":{"start":{"line":6,"column":2},"end":{"line":22,"column":4}},"2":{"start":{"line":7,"column":25},"end":{"line":7,"column":49}},"3":{"start":{"line":8,"column":4},"end":{"line":21,"column":5}},"4":{"start":{"line":11,"column":6},"end":{"line":13,"column":41}},"5":{"start":{"line":12,"column":25},"end":{"line":12,"column":57}},"6":{"start":{"line":13,"column":24},"end":{"line":13,"column":39}},"7":{"start":{"line":15,"column":10},"end":{"line":21,"column":5}},"8":{"start":{"line":17,"column":6},"end":{"line":18,"column":54}},"9":{"start":{"line":18,"column":25},"end":{"line":18,"column":52}},"10":{"start":{"line":20,"column":6},"end":{"line":20,"column":85}}},"fnMap":{"0":{"name":"(anonymous_0)","decl":{"start":{"line":5,"column":23},"end":{"line":5,"column":24}},"loc":{"start":{"line":5,"column":42},"end":{"line":23,"column":1}},"line":5},"1":{"name":"(anonymous_1)","decl":{"start":{"line":6,"column":21},"end":{"line":6,"column":22}},"loc":{"start":{"line":6,"column":42},"end":{"line":22,"column":3}},"line":6},"2":{"name":"(anonymous_2)","decl":{"start":{"line":12,"column":12},"end":{"line":12,"column":13}},"loc":{"start":{"line":12,"column":25},"end":{"line":12,"column":57}},"line":12},"3":{"name":"(anonymous_3)","decl":{"start":{"line":13,"column":12},"end":{"line":13,"column":13}},"loc":{"start":{"line":13,"column":24},"end":{"line":13,"column":39}},"line":13},"4":{"name":"(anonymous_4)","decl":{"start":{"line":18,"column":12},"end":{"line":18,"column":13}},"loc":{"start":{"line":18,"column":25},"end":{"line":18,"column":52}},"line":18}},"branchMap":{"0":{"loc":{"start":{"line":8,"column":4},"end":{"line":21,"column":5}},"type":"if","locations":[{"start":{"line":8,"column":4},"end":{"line":21,"column":5}},{"start":{"line":8,"column":4},"end":{"line":21,"column":5}}],"line":8},"1":{"loc":{"start":{"line":8,"column":7},"end":{"line":8,"column":38}},"type":"binary-expr","locations":[{"start":{"line":8,"column":7},"end":{"line":8,"column":27}},{"start":{"line":8,"column":31},"end":{"line":8,"column":38}}],"line":8},"2":{"loc":{"start":{"line":15,"column":10},"end":{"line":21,"column":5}},"type":"if","locations":[{"start":{"line":15,"column":10},"end":{"line":21,"column":5}},{"start":{"line":15,"column":10},"end":{"line":21,"column":5}}],"line":15},"3":{"loc":{"start":{"line":15,"column":14},"end":{"line":15,"column":46}},"type":"binary-expr","locations":[{"start":{"line":15,"column":14},"end":{"line":15,"column":34}},{"start":{"line":15,"column":38},"end":{"line":15,"column":46}}],"line":15}},"s":{"0":1,"1":2,"2":2,"3":2,"4":0,"5":0,"6":0,"7":2,"8":1,"9":1,"10":1},"f":{"0":2,"1":2,"2":0,"3":0,"4":1},"b":{"0":[0,2],"1":[2,1],"2":[1,1],"3":[2,1]},"_coverageSchema":"1a1c01bbd47fc00a2c39e90264f33305004495a9","hash":"cab6e246b51eb1271c8ca4e6852940700951a3c7"}
,"C:\\Users\\Esau Ocrospoma\\Desktop\\md-links\\LIM013-fe-md-links\\lib\\validate.js": {"path":"C:\\Users\\Esau Ocrospoma\\Desktop\\md-links\\LIM013-fe-md-links\\lib\\validate.js","statementMap":{"0":{"start":{"line":6,"column":28},"end":{"line":11,"column":2}},"1":{"start":{"line":6,"column":40},"end":{"line":11,"column":2}},"2":{"start":{"line":8,"column":4},"end":{"line":9,"column":40}},"3":{"start":{"line":10,"column":4},"end":{"line":10,"column":17}},"4":{"start":{"line":14,"column":28},"end":{"line":20,"column":1}},"5":{"start":{"line":16,"column":27},"end":{"line":18,"column":6}},"6":{"start":{"line":17,"column":8},"end":{"line":17,"column":32}},"7":{"start":{"line":19,"column":4},"end":{"line":19,"column":39}}},"fnMap":{"0":{"name":"(anonymous_0)","decl":{"start":{"line":6,"column":28},"end":{"line":6,"column":29}},"loc":{"start":{"line":6,"column":40},"end":{"line":11,"column":2}},"line":6},"1":{"name":"(anonymous_1)","decl":{"start":{"line":7,"column":6},"end":{"line":7,"column":7}},"loc":{"start":{"line":7,"column":16},"end":{"line":11,"column":1}},"line":7},"2":{"name":"(anonymous_2)","decl":{"start":{"line":14,"column":28},"end":{"line":14,"column":29}},"loc":{"start":{"line":14,"column":42},"end":{"line":20,"column":1}},"line":14},"3":{"name":"(anonymous_3)","decl":{"start":{"line":16,"column":40},"end":{"line":16,"column":41}},"loc":{"start":{"line":16,"column":48},"end":{"line":18,"column":5}},"line":16}},"branchMap":{},"s":{"0":2,"1":3,"2":3,"3":3,"4":2,"5":1,"6":2,"7":1},"f":{"0":3,"1":3,"2":1,"3":2},"b":{},"_coverageSchema":"1a1c01bbd47fc00a2c39e90264f33305004495a9","hash":"3fc334306286270723465de3763cb8047227ae0e"}
}
