{"C:\\Users\\Esau Ocrospoma\\Desktop\\md-links\\LIM013-fe-md-links\\cli\\cli-opciones.js": {"path":"C:\\Users\\Esau Ocrospoma\\Desktop\\md-links\\LIM013-fe-md-links\\cli\\cli-opciones.js","statementMap":{"0":{"start":{"line":9,"column":29},"end":{"line":21,"column":1}},"1":{"start":{"line":10,"column":19},"end":{"line":10,"column":21}},"2":{"start":{"line":11,"column":15},"end":{"line":11,"column":16}},"3":{"start":{"line":13,"column":2},"end":{"line":13,"column":103}},"4":{"start":{"line":13,"column":26},"end":{"line":13,"column":51}},"5":{"start":{"line":13,"column":52},"end":{"line":13,"column":99}},"6":{"start":{"line":14,"column":22},"end":{"line":14,"column":88}},"7":{"start":{"line":14,"column":55},"end":{"line":14,"column":87}},"8":{"start":{"line":15,"column":16},"end":{"line":19,"column":6}},"9":{"start":{"line":20,"column":2},"end":{"line":20,"column":21}},"10":{"start":{"line":23,"column":24},"end":{"line":31,"column":1}},"11":{"start":{"line":24,"column":13},"end":{"line":24,"column":15}},"12":{"start":{"line":26,"column":2},"end":{"line":29,"column":5}},"13":{"start":{"line":27,"column":4},"end":{"line":28,"column":238}},"14":{"start":{"line":30,"column":2},"end":{"line":30,"column":20}},"15":{"start":{"line":33,"column":21},"end":{"line":38,"column":1}},"16":{"start":{"line":34,"column":22},"end":{"line":34,"column":70}},"17":{"start":{"line":34,"column":56},"end":{"line":34,"column":68}},"18":{"start":{"line":35,"column":2},"end":{"line":37,"column":59}},"19":{"start":{"line":40,"column":24},"end":{"line":47,"column":1}},"20":{"start":{"line":41,"column":13},"end":{"line":41,"column":15}},"21":{"start":{"line":43,"column":2},"end":{"line":45,"column":5}},"22":{"start":{"line":44,"column":4},"end":{"line":44,"column":98}},"23":{"start":{"line":46,"column":2},"end":{"line":46,"column":20}}},"fnMap":{"0":{"name":"(anonymous_0)","decl":{"start":{"line":9,"column":29},"end":{"line":9,"column":30}},"loc":{"start":{"line":9,"column":38},"end":{"line":21,"column":1}},"line":9},"1":{"name":"(anonymous_1)","decl":{"start":{"line":13,"column":14},"end":{"line":13,"column":15}},"loc":{"start":{"line":13,"column":24},"end":{"line":13,"column":101}},"line":13},"2":{"name":"(anonymous_2)","decl":{"start":{"line":14,"column":38},"end":{"line":14,"column":39}},"loc":{"start":{"line":14,"column":55},"end":{"line":14,"column":87}},"line":14},"3":{"name":"(anonymous_3)","decl":{"start":{"line":23,"column":24},"end":{"line":23,"column":25}},"loc":{"start":{"line":23,"column":33},"end":{"line":31,"column":1}},"line":23},"4":{"name":"(anonymous_4)","decl":{"start":{"line":26,"column":14},"end":{"line":26,"column":15}},"loc":{"start":{"line":26,"column":23},"end":{"line":29,"column":3}},"line":26},"5":{"name":"(anonymous_5)","decl":{"start":{"line":33,"column":21},"end":{"line":33,"column":22}},"loc":{"start":{"line":33,"column":32},"end":{"line":38,"column":1}},"line":33},"6":{"name":"(anonymous_6)","decl":{"start":{"line":34,"column":43},"end":{"line":34,"column":44}},"loc":{"start":{"line":34,"column":56},"end":{"line":34,"column":68}},"line":34},"7":{"name":"(anonymous_7)","decl":{"start":{"line":40,"column":24},"end":{"line":40,"column":25}},"loc":{"start":{"line":40,"column":33},"end":{"line":47,"column":1}},"line":40},"8":{"name":"(anonymous_8)","decl":{"start":{"line":43,"column":14},"end":{"line":43,"column":15}},"loc":{"start":{"line":43,"column":23},"end":{"line":45,"column":3}},"line":43}},"branchMap":{"0":{"loc":{"start":{"line":13,"column":52},"end":{"line":13,"column":98}},"type":"cond-expr","locations":[{"start":{"line":13,"column":73},"end":{"line":13,"column":84}},{"start":{"line":13,"column":87},"end":{"line":13,"column":98}}],"line":13},"1":{"loc":{"start":{"line":28,"column":37},"end":{"line":28,"column":125}},"type":"cond-expr","locations":[{"start":{"line":28,"column":56},"end":{"line":28,"column":99}},{"start":{"line":28,"column":102},"end":{"line":28,"column":125}}],"line":28},"2":{"loc":{"start":{"line":28,"column":129},"end":{"line":28,"column":211}},"type":"cond-expr","locations":[{"start":{"line":28,"column":155},"end":{"line":28,"column":183}},{"start":{"line":28,"column":186},"end":{"line":28,"column":211}}],"line":28}},"s":{"0":1,"1":0,"2":0,"3":0,"4":0,"5":0,"6":0,"7":0,"8":0,"9":0,"10":1,"11":0,"12":0,"13":0,"14":0,"15":1,"16":1,"17":3,"18":1,"19":1,"20":0,"21":0,"22":0,"23":0},"f":{"0":0,"1":0,"2":0,"3":0,"4":0,"5":1,"6":3,"7":0,"8":0},"b":{"0":[0,0],"1":[0,0],"2":[0,0]},"_coverageSchema":"1a1c01bbd47fc00a2c39e90264f33305004495a9","hash":"1adc1308b6b95b4c73c7eda6a7043e6c9adfad4c"}
,"C:\\Users\\Esau Ocrospoma\\Desktop\\md-links\\LIM013-fe-md-links\\lib\\index.js": {"path":"C:\\Users\\Esau Ocrospoma\\Desktop\\md-links\\LIM013-fe-md-links\\lib\\index.js","statementMap":{"0":{"start":{"line":8,"column":18},"end":{"line":8,"column":23}},"1":{"start":{"line":11,"column":22},"end":{"line":11,"column":59}},"2":{"start":{"line":11,"column":36},"end":{"line":11,"column":58}},"3":{"start":{"line":15,"column":34},"end":{"line":15,"column":111}},"4":{"start":{"line":15,"column":49},"end":{"line":15,"column":110}},"5":{"start":{"line":18,"column":35},"end":{"line":43,"column":1}},"6":{"start":{"line":19,"column":30},"end":{"line":19,"column":53}},"7":{"start":{"line":20,"column":20},"end":{"line":20,"column":48}},"8":{"start":{"line":22,"column":25},"end":{"line":22,"column":27}},"9":{"start":{"line":23,"column":2},"end":{"line":41,"column":3}},"10":{"start":{"line":24,"column":4},"end":{"line":24,"column":38}},"11":{"start":{"line":27,"column":27},"end":{"line":27,"column":53}},"12":{"start":{"line":33,"column":24},"end":{"line":36,"column":6}},"13":{"start":{"line":34,"column":20},"end":{"line":34,"column":59}},"14":{"start":{"line":35,"column":6},"end":{"line":35,"column":19}},"15":{"start":{"line":37,"column":4},"end":{"line":40,"column":7}},"16":{"start":{"line":38,"column":29},"end":{"line":38,"column":54}},"17":{"start":{"line":39,"column":6},"end":{"line":39,"column":65}},"18":{"start":{"line":42,"column":2},"end":{"line":42,"column":26}},"19":{"start":{"line":46,"column":25},"end":{"line":59,"column":2}},"20":{"start":{"line":46,"column":39},"end":{"line":59,"column":2}},"21":{"start":{"line":47,"column":26},"end":{"line":47,"column":28}},"22":{"start":{"line":48,"column":2},"end":{"line":51,"column":5}},"23":{"start":{"line":49,"column":26},"end":{"line":49,"column":47}},"24":{"start":{"line":50,"column":4},"end":{"line":50,"column":63}},"25":{"start":{"line":50,"column":33},"end":{"line":50,"column":63}},"26":{"start":{"line":53,"column":2},"end":{"line":58,"column":3}},"27":{"start":{"line":54,"column":4},"end":{"line":54,"column":29}},"28":{"start":{"line":57,"column":4},"end":{"line":57,"column":84}},"29":{"start":{"line":62,"column":25},"end":{"line":81,"column":1}},"30":{"start":{"line":63,"column":21},"end":{"line":63,"column":23}},"31":{"start":{"line":64,"column":2},"end":{"line":79,"column":5}},"32":{"start":{"line":65,"column":24},"end":{"line":65,"column":61}},"33":{"start":{"line":70,"column":26},"end":{"line":70,"column":56}},"34":{"start":{"line":71,"column":31},"end":{"line":71,"column":82}},"35":{"start":{"line":72,"column":4},"end":{"line":78,"column":7}},"36":{"start":{"line":73,"column":6},"end":{"line":77,"column":9}},"37":{"start":{"line":80,"column":2},"end":{"line":80,"column":20}}},"fnMap":{"0":{"name":"(anonymous_0)","decl":{"start":{"line":11,"column":22},"end":{"line":11,"column":23}},"loc":{"start":{"line":11,"column":36},"end":{"line":11,"column":58}},"line":11},"1":{"name":"(anonymous_1)","decl":{"start":{"line":15,"column":34},"end":{"line":15,"column":35}},"loc":{"start":{"line":15,"column":49},"end":{"line":15,"column":110}},"line":15},"2":{"name":"(anonymous_2)","decl":{"start":{"line":18,"column":35},"end":{"line":18,"column":36}},"loc":{"start":{"line":18,"column":51},"end":{"line":43,"column":1}},"line":18},"3":{"name":"(anonymous_3)","decl":{"start":{"line":33,"column":43},"end":{"line":33,"column":44}},"loc":{"start":{"line":33,"column":65},"end":{"line":36,"column":5}},"line":33},"4":{"name":"(anonymous_4)","decl":{"start":{"line":37,"column":24},"end":{"line":37,"column":25}},"loc":{"start":{"line":37,"column":34},"end":{"line":40,"column":5}},"line":37},"5":{"name":"(anonymous_5)","decl":{"start":{"line":46,"column":25},"end":{"line":46,"column":26}},"loc":{"start":{"line":46,"column":39},"end":{"line":59,"column":2}},"line":46},"6":{"name":"(anonymous_6)","decl":{"start":{"line":46,"column":51},"end":{"line":46,"column":52}},"loc":{"start":{"line":46,"column":72},"end":{"line":59,"column":1}},"line":46},"7":{"name":"(anonymous_7)","decl":{"start":{"line":48,"column":19},"end":{"line":48,"column":20}},"loc":{"start":{"line":48,"column":32},"end":{"line":51,"column":3}},"line":48},"8":{"name":"(anonymous_8)","decl":{"start":{"line":62,"column":25},"end":{"line":62,"column":26}},"loc":{"start":{"line":62,"column":40},"end":{"line":81,"column":1}},"line":62},"9":{"name":"(anonymous_9)","decl":{"start":{"line":64,"column":20},"end":{"line":64,"column":21}},"loc":{"start":{"line":64,"column":38},"end":{"line":79,"column":3}},"line":64},"10":{"name":"(anonymous_10)","decl":{"start":{"line":72,"column":31},"end":{"line":72,"column":32}},"loc":{"start":{"line":72,"column":41},"end":{"line":78,"column":5}},"line":72}},"branchMap":{"0":{"loc":{"start":{"line":15,"column":49},"end":{"line":15,"column":110}},"type":"cond-expr","locations":[{"start":{"line":15,"column":77},"end":{"line":15,"column":85}},{"start":{"line":15,"column":88},"end":{"line":15,"column":110}}],"line":15},"1":{"loc":{"start":{"line":23,"column":2},"end":{"line":41,"column":3}},"type":"if","locations":[{"start":{"line":23,"column":2},"end":{"line":41,"column":3}},{"start":{"line":23,"column":2},"end":{"line":41,"column":3}}],"line":23},"2":{"loc":{"start":{"line":50,"column":4},"end":{"line":50,"column":63}},"type":"if","locations":[{"start":{"line":50,"column":4},"end":{"line":50,"column":63}},{"start":{"line":50,"column":4},"end":{"line":50,"column":63}}],"line":50},"3":{"loc":{"start":{"line":53,"column":2},"end":{"line":58,"column":3}},"type":"if","locations":[{"start":{"line":53,"column":2},"end":{"line":58,"column":3}},{"start":{"line":53,"column":2},"end":{"line":58,"column":3}}],"line":53}},"s":{"0":2,"1":2,"2":6,"3":2,"4":5,"5":2,"6":7,"7":7,"8":7,"9":7,"10":5,"11":2,"12":2,"13":4,"14":4,"15":2,"16":4,"17":4,"18":7,"19":2,"20":4,"21":4,"22":4,"23":6,"24":6,"25":4,"26":4,"27":3,"28":1,"29":2,"30":3,"31":3,"32":4,"33":4,"34":4,"35":4,"36":4,"37":3},"f":{"0":6,"1":5,"2":7,"3":4,"4":4,"5":4,"6":4,"7":6,"8":3,"9":4,"10":4},"b":{"0":[4,1],"1":[5,2],"2":[4,2],"3":[3,1]},"_coverageSchema":"1a1c01bbd47fc00a2c39e90264f33305004495a9","hash":"53390c6f1a93180f322f72643cbb5b1cb071023b"}
,"C:\\Users\\Esau Ocrospoma\\Desktop\\md-links\\LIM013-fe-md-links\\lib\\librari.js": {"path":"C:\\Users\\Esau Ocrospoma\\Desktop\\md-links\\LIM013-fe-md-links\\lib\\librari.js","statementMap":{"0":{"start":{"line":7,"column":23},"end":{"line":23,"column":2}},"1":{"start":{"line":7,"column":42},"end":{"line":23,"column":2}},"2":{"start":{"line":8,"column":23},"end":{"line":8,"column":47}},"3":{"start":{"line":10,"column":2},"end":{"line":22,"column":3}},"4":{"start":{"line":11,"column":4},"end":{"line":13,"column":41}},"5":{"start":{"line":12,"column":25},"end":{"line":12,"column":57}},"6":{"start":{"line":13,"column":24},"end":{"line":13,"column":39}},"7":{"start":{"line":16,"column":9},"end":{"line":22,"column":3}},"8":{"start":{"line":17,"column":4},"end":{"line":18,"column":54}},"9":{"start":{"line":18,"column":25},"end":{"line":18,"column":52}},"10":{"start":{"line":21,"column":4},"end":{"line":21,"column":83}},"11":{"start":{"line":24,"column":0},"end":{"line":24,"column":148}}},"fnMap":{"0":{"name":"(anonymous_0)","decl":{"start":{"line":7,"column":23},"end":{"line":7,"column":24}},"loc":{"start":{"line":7,"column":42},"end":{"line":23,"column":2}},"line":7},"1":{"name":"(anonymous_1)","decl":{"start":{"line":7,"column":54},"end":{"line":7,"column":55}},"loc":{"start":{"line":7,"column":75},"end":{"line":23,"column":1}},"line":7},"2":{"name":"(anonymous_2)","decl":{"start":{"line":12,"column":12},"end":{"line":12,"column":13}},"loc":{"start":{"line":12,"column":25},"end":{"line":12,"column":57}},"line":12},"3":{"name":"(anonymous_3)","decl":{"start":{"line":13,"column":12},"end":{"line":13,"column":13}},"loc":{"start":{"line":13,"column":24},"end":{"line":13,"column":39}},"line":13},"4":{"name":"(anonymous_4)","decl":{"start":{"line":18,"column":12},"end":{"line":18,"column":13}},"loc":{"start":{"line":18,"column":25},"end":{"line":18,"column":52}},"line":18}},"branchMap":{"0":{"loc":{"start":{"line":10,"column":2},"end":{"line":22,"column":3}},"type":"if","locations":[{"start":{"line":10,"column":2},"end":{"line":22,"column":3}},{"start":{"line":10,"column":2},"end":{"line":22,"column":3}}],"line":10},"1":{"loc":{"start":{"line":10,"column":6},"end":{"line":10,"column":37}},"type":"binary-expr","locations":[{"start":{"line":10,"column":6},"end":{"line":10,"column":26}},{"start":{"line":10,"column":30},"end":{"line":10,"column":37}}],"line":10},"2":{"loc":{"start":{"line":16,"column":9},"end":{"line":22,"column":3}},"type":"if","locations":[{"start":{"line":16,"column":9},"end":{"line":22,"column":3}},{"start":{"line":16,"column":9},"end":{"line":22,"column":3}}],"line":16},"3":{"loc":{"start":{"line":16,"column":13},"end":{"line":16,"column":45}},"type":"binary-expr","locations":[{"start":{"line":16,"column":13},"end":{"line":16,"column":33}},{"start":{"line":16,"column":37},"end":{"line":16,"column":45}}],"line":16}},"s":{"0":1,"1":3,"2":3,"3":3,"4":1,"5":1,"6":1,"7":2,"8":1,"9":1,"10":1,"11":1},"f":{"0":3,"1":3,"2":1,"3":1,"4":1},"b":{"0":[1,2],"1":[3,2],"2":[1,1],"3":[2,1]},"_coverageSchema":"1a1c01bbd47fc00a2c39e90264f33305004495a9","hash":"227b30da0712669e7d10321a8fb135034da2f1c0"}
,"C:\\Users\\Esau Ocrospoma\\Desktop\\md-links\\LIM013-fe-md-links\\lib\\validate.js": {"path":"C:\\Users\\Esau Ocrospoma\\Desktop\\md-links\\LIM013-fe-md-links\\lib\\validate.js","statementMap":{"0":{"start":{"line":10,"column":28},"end":{"line":16,"column":4}},"1":{"start":{"line":10,"column":40},"end":{"line":16,"column":4}},"2":{"start":{"line":13,"column":4},"end":{"line":14,"column":40}},"3":{"start":{"line":15,"column":4},"end":{"line":15,"column":18}},"4":{"start":{"line":19,"column":28},"end":{"line":24,"column":1}},"5":{"start":{"line":21,"column":26},"end":{"line":22,"column":22}},"6":{"start":{"line":22,"column":4},"end":{"line":22,"column":21}},"7":{"start":{"line":23,"column":2},"end":{"line":23,"column":38}}},"fnMap":{"0":{"name":"(anonymous_0)","decl":{"start":{"line":10,"column":28},"end":{"line":10,"column":29}},"loc":{"start":{"line":10,"column":40},"end":{"line":16,"column":4}},"line":10},"1":{"name":"(anonymous_1)","decl":{"start":{"line":11,"column":8},"end":{"line":11,"column":9}},"loc":{"start":{"line":11,"column":18},"end":{"line":16,"column":3}},"line":11},"2":{"name":"(anonymous_2)","decl":{"start":{"line":19,"column":28},"end":{"line":19,"column":29}},"loc":{"start":{"line":19,"column":42},"end":{"line":24,"column":1}},"line":19},"3":{"name":"(anonymous_3)","decl":{"start":{"line":21,"column":39},"end":{"line":21,"column":40}},"loc":{"start":{"line":22,"column":4},"end":{"line":22,"column":21}},"line":22}},"branchMap":{},"s":{"0":2,"1":3,"2":3,"3":3,"4":2,"5":2,"6":2,"7":2},"f":{"0":3,"1":3,"2":2,"3":2},"b":{},"_coverageSchema":"1a1c01bbd47fc00a2c39e90264f33305004495a9","hash":"e9b9d206aa59e1a34c87a7a1be1a4812f23f1e28"}
}
