TN:
SF:cli\cli-opciones.js
FN:4,(anonymous_0)
FN:7,(anonymous_1)
FN:8,(anonymous_2)
FN:17,(anonymous_3)
FN:19,(anonymous_4)
FN:29,(anonymous_5)
FN:31,(anonymous_6)
FN:32,(anonymous_7)
FN:40,(anonymous_8)
FN:42,(anonymous_9)
FNF:10
FNH:3
FNDA:0,(anonymous_0)
FNDA:0,(anonymous_1)
FNDA:0,(anonymous_2)
FNDA:0,(anonymous_3)
FNDA:0,(anonymous_4)
FNDA:1,(anonymous_5)
FNDA:3,(anonymous_6)
FNDA:3,(anonymous_7)
FNDA:0,(anonymous_8)
FNDA:0,(anonymous_9)
DA:4,1
DA:5,0
DA:6,0
DA:7,0
DA:8,0
DA:9,0
DA:14,0
DA:17,1
DA:18,0
DA:19,0
DA:23,0
DA:26,0
DA:29,1
DA:30,1
DA:31,3
DA:32,3
DA:33,1
DA:37,1
DA:40,1
DA:41,0
DA:42,0
DA:43,0
DA:45,0
LF:23
LH:9
BRDA:7,0,0,0
BRDA:7,0,1,0
BRDA:24,1,0,0
BRDA:24,1,1,0
BRDA:24,2,0,0
BRDA:24,2,1,0
BRF:6
BRH:0
end_of_record
TN:
SF:lib\index.js
FN:9,(anonymous_0)
FN:12,(anonymous_1)
FN:15,(anonymous_2)
FN:28,(anonymous_3)
FN:32,(anonymous_4)
FN:41,(anonymous_5)
FN:41,(anonymous_6)
FN:43,(anonymous_7)
FN:58,(anonymous_8)
FN:60,(anonymous_9)
FN:68,(anonymous_10)
FNF:11
FNH:11
FNDA:5,(anonymous_0)
FNDA:3,(anonymous_1)
FNDA:6,(anonymous_2)
FNDA:4,(anonymous_3)
FNDA:4,(anonymous_4)
FNDA:3,(anonymous_5)
FNDA:3,(anonymous_6)
FNDA:5,(anonymous_7)
FNDA:2,(anonymous_8)
FNDA:3,(anonymous_9)
FNDA:4,(anonymous_10)
DA:3,2
DA:9,5
DA:12,3
DA:15,2
DA:16,6
DA:17,6
DA:19,6
DA:20,6
DA:21,4
DA:24,2
DA:28,2
DA:29,4
DA:30,4
DA:32,2
DA:33,4
DA:34,4
DA:37,6
DA:41,3
DA:42,3
DA:43,3
DA:44,5
DA:45,5
DA:49,3
DA:50,2
DA:52,1
DA:58,2
DA:59,2
DA:60,2
DA:62,3
DA:66,3
DA:67,3
DA:68,3
DA:69,4
DA:76,2
LF:34
LH:34
BRDA:12,0,0,3
BRDA:12,0,1,0
BRDA:20,1,0,4
BRDA:20,1,1,2
BRDA:45,2,0,3
BRDA:45,2,1,2
BRDA:49,3,0,2
BRDA:49,3,1,1
BRF:8
BRH:7
end_of_record
TN:
SF:lib\librari.js
FN:5,(anonymous_0)
FN:6,(anonymous_1)
FN:12,(anonymous_2)
FN:13,(anonymous_3)
FN:18,(anonymous_4)
FNF:5
FNH:3
FNDA:2,(anonymous_0)
FNDA:2,(anonymous_1)
FNDA:0,(anonymous_2)
FNDA:0,(anonymous_3)
FNDA:1,(anonymous_4)
DA:5,1
DA:6,2
DA:7,2
DA:8,2
DA:11,0
DA:12,0
DA:13,0
DA:15,2
DA:17,1
DA:18,1
DA:20,1
LF:11
LH:8
BRDA:8,0,0,0
BRDA:8,0,1,2
BRDA:8,1,0,2
BRDA:8,1,1,1
BRDA:15,2,0,1
BRDA:15,2,1,1
BRDA:15,3,0,2
BRDA:15,3,1,1
BRF:8
BRH:7
end_of_record
TN:
SF:lib\validate.js
FN:6,(anonymous_0)
FN:7,(anonymous_1)
FN:14,(anonymous_2)
FN:16,(anonymous_3)
FNF:4
FNH:4
FNDA:3,(anonymous_0)
FNDA:3,(anonymous_1)
FNDA:1,(anonymous_2)
FNDA:2,(anonymous_3)
DA:6,3
DA:8,3
DA:10,3
DA:14,2
DA:16,1
DA:17,2
DA:19,1
LF:7
LH:7
BRF:0
BRH:0
end_of_record
